[2017-05-10 15:32:55] request.ERROR: Uncaught PHP Exception Symfony\Component\HttpKernel\Exception\NotFoundHttpException: "No route found for "GET /favicon.png" (from "http://localhost:8888/TeamDEV/web/")" at /Applications/MAMP/htdocs/TeamDEV/vendor/symfony/symfony/src/Symfony/Component/HttpKernel/EventListener/RouterListener.php line 125 {"exception":"[object] (Symfony\\Component\\HttpKernel\\Exception\\NotFoundHttpException(code: 0): No route found for \"GET /favicon.png\" (from \"http://localhost:8888/TeamDEV/web/\") at /Applications/MAMP/htdocs/TeamDEV/vendor/symfony/symfony/src/Symfony/Component/HttpKernel/EventListener/RouterListener.php:125, Symfony\\Component\\Routing\\Exception\\ResourceNotFoundException(code: 0):  at /Applications/MAMP/htdocs/TeamDEV/var/cache/prod/appProdProjectContainerUrlMatcher.php:335)"} []
[2017-05-10 16:15:23] request.INFO: Matched route "newProjetImage". {"route":"newProjetImage","route_parameters":{"_controller":"AppBundle\\Controller\\ProjetController::newProjetImageAction","idProjet":"1","_route":"newProjetImage"},"request_uri":"http://localhost:8888/TeamDEV/web/projets/newProjetImage/1","method":"GET"} []
[2017-05-10 16:15:23] security.DEBUG: Read existing security token from the session. {"key":"_security_main"} []
[2017-05-10 16:15:23] security.DEBUG: User was reloaded from a user provider. {"username":"nasosung","provider":"FOS\\UserBundle\\Security\\UserProvider"} []
[2017-05-10 16:15:24] php.CRITICAL: Parse error: syntax error, unexpected ';', expecting ')' {"exception":"[object] (Symfony\\Component\\Debug\\Exception\\FatalThrowableError(code: 0): Parse error: syntax error, unexpected ';', expecting ')' at /Applications/MAMP/htdocs/TeamDEV/src/AppBundle/Controller/ProjetController.php:112)"} []
[2017-05-10 16:15:24] request.CRITICAL: Uncaught PHP Exception Symfony\Component\Debug\Exception\FatalThrowableError: "Parse error: syntax error, unexpected ';', expecting ')'" at /Applications/MAMP/htdocs/TeamDEV/src/AppBundle/Controller/ProjetController.php line 112 {"exception":"[object] (Symfony\\Component\\Debug\\Exception\\FatalThrowableError(code: 0): Parse error: syntax error, unexpected ';', expecting ')' at /Applications/MAMP/htdocs/TeamDEV/src/AppBundle/Controller/ProjetController.php:112)"} []
[2017-05-10 16:15:24] security.DEBUG: Stored the security token in the session. {"key":"_security_main"} []
[2017-05-10 16:15:50] request.INFO: Matched route "newProjetImage". {"route":"newProjetImage","route_parameters":{"_controller":"AppBundle\\Controller\\ProjetController::newProjetImageAction","idProjet":"1","_route":"newProjetImage"},"request_uri":"http://localhost:8888/TeamDEV/web/projets/newProjetImage/1","method":"GET"} []
[2017-05-10 16:15:51] security.DEBUG: Read existing security token from the session. {"key":"_security_main"} []
[2017-05-10 16:15:51] security.DEBUG: User was reloaded from a user provider. {"username":"nasosung","provider":"FOS\\UserBundle\\Security\\UserProvider"} []
[2017-05-10 16:15:51] php.WARNING: Notice: Trying to get property of non-object {"exception":"[object] (ErrorException(code: 0): Notice: Trying to get property of non-object at /Applications/MAMP/htdocs/TeamDEV/src/AppBundle/Controller/ProjetController.php:114)"} []
[2017-05-10 16:15:51] php.CRITICAL: Call to a member function set() on null {"exception":"[object] (Symfony\\Component\\Debug\\Exception\\FatalThrowableError(code: 0): Call to a member function set() on null at /Applications/MAMP/htdocs/TeamDEV/src/AppBundle/Controller/ProjetController.php:114)"} []
[2017-05-10 16:15:51] request.CRITICAL: Uncaught PHP Exception Symfony\Component\Debug\Exception\FatalThrowableError: "Call to a member function set() on null" at /Applications/MAMP/htdocs/TeamDEV/src/AppBundle/Controller/ProjetController.php line 114 {"exception":"[object] (Symfony\\Component\\Debug\\Exception\\FatalThrowableError(code: 0): Call to a member function set() on null at /Applications/MAMP/htdocs/TeamDEV/src/AppBundle/Controller/ProjetController.php:114)"} []
[2017-05-10 16:15:51] security.DEBUG: Stored the security token in the session. {"key":"_security_main"} []
[2017-05-10 16:15:52] request.INFO: Matched route "newProjetImage". {"route":"newProjetImage","route_parameters":{"_controller":"AppBundle\\Controller\\ProjetController::newProjetImageAction","idProjet":"1","_route":"newProjetImage"},"request_uri":"http://localhost:8888/TeamDEV/web/projets/newProjetImage/1","method":"GET"} []
[2017-05-10 16:15:52] security.DEBUG: Read existing security token from the session. {"key":"_security_main"} []
[2017-05-10 16:15:52] security.DEBUG: User was reloaded from a user provider. {"username":"nasosung","provider":"FOS\\UserBundle\\Security\\UserProvider"} []
[2017-05-10 16:15:52] php.WARNING: Notice: Trying to get property of non-object {"exception":"[object] (ErrorException(code: 0): Notice: Trying to get property of non-object at /Applications/MAMP/htdocs/TeamDEV/src/AppBundle/Controller/ProjetController.php:114)"} []
[2017-05-10 16:15:52] php.CRITICAL: Call to a member function set() on null {"exception":"[object] (Symfony\\Component\\Debug\\Exception\\FatalThrowableError(code: 0): Call to a member function set() on null at /Applications/MAMP/htdocs/TeamDEV/src/AppBundle/Controller/ProjetController.php:114)"} []
[2017-05-10 16:15:52] request.CRITICAL: Uncaught PHP Exception Symfony\Component\Debug\Exception\FatalThrowableError: "Call to a member function set() on null" at /Applications/MAMP/htdocs/TeamDEV/src/AppBundle/Controller/ProjetController.php line 114 {"exception":"[object] (Symfony\\Component\\Debug\\Exception\\FatalThrowableError(code: 0): Call to a member function set() on null at /Applications/MAMP/htdocs/TeamDEV/src/AppBundle/Controller/ProjetController.php:114)"} []
[2017-05-10 16:15:52] security.DEBUG: Stored the security token in the session. {"key":"_security_main"} []
